<?xml version="1.0" encoding="UTF-8"?>
<testsuite name="com.ally.demo.api.service.AuctionsServiceTest" tests="5" skipped="0" failures="0" errors="0" timestamp="2020-03-02T06:37:16" hostname="LAPTOP-TTQGKMJN" time="0.058">
  <properties/>
  <testcase name="setAuctionItems()" classname="com.ally.demo.api.service.AuctionsServiceTest" time="0.035"/>
  <testcase name="when_request_all_auctionItems_then_getAuctionItems()" classname="com.ally.demo.api.service.AuctionsServiceTest" time="0.01"/>
  <testcase name="getAuctionItem()" classname="com.ally.demo.api.service.AuctionsServiceTest" time="0.001"/>
  <testcase name="setBid()" classname="com.ally.demo.api.service.AuctionsServiceTest" time="0.001"/>
  <testcase name="setAuctionItem()" classname="com.ally.demo.api.service.AuctionsServiceTest" time="0.002"/>
  <system-out><![CDATA[]]></system-out>
  <system-err><![CDATA[]]></system-err>
</testsuite>
